<?xml version="1.0" encoding="UTF-8"?>
<!-- Generated by org.testng.reporters.JUnitReportReporter -->
<testsuite skipped="0" hostname="LAPTOP-SB2OLVBD" name="com.abc.magento.MagentoTest" tests="1" failures="0" timestamp="22 Jan 2019 08:21:57 GMT" time="41.306" errors="0">
  <testcase name="test" time="41.306" classname="com.abc.magento.MagentoTest"/>
</testsuite> <!-- com.abc.magento.MagentoTest -->
